#
# There is insufficient memory for the Java Runtime Environment to continue.
# Native memory allocation (mmap) failed to map 155189248 bytes for G1 virtual space
# Possible reasons:
#   The system is out of physical RAM or swap space
#   The process is running with CompressedOops enabled, and the Java Heap may be blocking the growth of the native heap
# Possible solutions:
#   Reduce memory load on the system
#   Increase physical memory or swap space
#   Check if swap backing store is full
#   Decrease Java heap size (-Xmx/-Xms)
#   Decrease number of Java threads
#   Decrease Java thread stack sizes (-Xss)
#   Set larger code cache with -XX:ReservedCodeCacheSize=
#   JVM is running with Zero Based Compressed Oops mode in which the Java heap is
#     placed in the first 32GB address space. The Java Heap base address is the
#     maximum limit for the native heap growth. Please use -XX:HeapBaseMinAddress
#     to set the Java Heap base and to place the Java Heap above 32GB virtual address.
# This output file may be truncated or incomplete.
#
#  Out of Memory Error (os_windows.cpp:3825), pid=17924, tid=15300
#
# JRE version: OpenJDK Runtime Environment (17.0.9) (build 17.0.9+0--11185874)
# Java VM: OpenJDK 64-Bit Server VM (17.0.9+0--11185874, mixed mode, tiered, compressed oops, compressed class ptrs, g1 gc, windows-amd64)
# No core dump will be written. Minidumps are not enabled by default on client versions of Windows
#

---------------  S U M M A R Y ------------

Command Line: --add-opens=java.base/java.util=ALL-UNNAMED --add-opens=java.base/java.lang=ALL-UNNAMED --add-opens=java.base/java.lang.invoke=ALL-UNNAMED --add-opens=java.prefs/java.util.prefs=ALL-UNNAMED --add-opens=java.base/java.nio.charset=ALL-UNNAMED --add-opens=java.base/java.net=ALL-UNNAMED --add-opens=java.base/java.util.concurrent.atomic=ALL-UNNAMED -Xmx4G -Dfile.encoding=windows-1252 -Duser.country=ID -Duser.language=en -Duser.variant org.gradle.launcher.daemon.bootstrap.GradleDaemon 7.6.3

Host: 12th Gen Intel(R) Core(TM) i7-12700, 20 cores, 7G,  Windows 11 , 64 bit Build 22621 (10.0.22621.3527)
Time: Fri Jun 28 16:54:19 2024 SE Asia Standard Time elapsed time: 194.591766 seconds (0d 0h 3m 14s)

---------------  T H R E A D  ---------------

Current thread (0x000001990f5c8160):  VMThread "VM Thread" [stack: 0x0000008cb7100000,0x0000008cb7200000] [id=15300]

Stack: [0x0000008cb7100000,0x0000008cb7200000]
Native frames: (J=compiled Java code, j=interpreted, Vv=VM code, C=native code)
V  [jvm.dll+0x6886e9]
V  [jvm.dll+0x841e4a]
V  [jvm.dll+0x843a8e]
V  [jvm.dll+0x8440f3]
V  [jvm.dll+0x24c14f]
V  [jvm.dll+0x685499]
V  [jvm.dll+0x679c2a]
V  [jvm.dll+0x30cf9b]
V  [jvm.dll+0x314446]
V  [jvm.dll+0x36425e]
V  [jvm.dll+0x36448f]
V  [jvm.dll+0x2e2d68]
V  [jvm.dll+0x2e0f44]
V  [jvm.dll+0x2e054c]
V  [jvm.dll+0x3253fb]
V  [jvm.dll+0x8487eb]
V  [jvm.dll+0x849531]
V  [jvm.dll+0x849a4d]
V  [jvm.dll+0x849e24]
V  [jvm.dll+0x849ef0]
V  [jvm.dll+0x7f06aa]
V  [jvm.dll+0x687565]
C  [ucrtbase.dll+0x29333]
C  [KERNEL32.DLL+0x1257d]
C  [ntdll.dll+0x5aa48]

VM_Operation (0x0000008cb8ff79b0): G1CollectForAllocation, mode: safepoint, requested by thread 0x00000199153f2660


---------------  P R O C E S S  ---------------

Threads class SMR info:
_java_thread_list=0x0000019916052bf0, length=42, elements={
0x000001996f91b990, 0x000001990f5cce90, 0x000001990f5cdd10, 0x000001990f617c90,
0x000001990f618b10, 0x000001990f61a9e0, 0x000001990f64c030, 0x000001990f64cc30,
0x000001990f64ee60, 0x000001990f64f860, 0x000001990f7be030, 0x000001990f7d4010,
0x0000019914d3a120, 0x0000019915844d70, 0x00000199158703e0, 0x00000199158aca10,
0x00000199154ad0d0, 0x00000199153f2b70, 0x00000199153f2660, 0x00000199153f3080,
0x00000199153f53f0, 0x00000199153f3fb0, 0x00000199153f3aa0, 0x00000199153f44c0,
0x00000199153f49d0, 0x00000199153f5900, 0x00000199153f5e10, 0x00000199153f4ee0,
0x0000019915fa2c60, 0x0000019915fa2750, 0x0000019915fa8c90, 0x0000019915fa7d60,
0x0000019915fa3170, 0x0000019915fa6410, 0x0000019915fa91a0, 0x0000019915fa40a0,
0x0000019915fa1d30, 0x0000019915fa45b0, 0x0000019915fa59f0, 0x0000019915fa7340,
0x0000019915fa4ac0, 0x0000019915fa4fd0
}

Java Threads: ( => current thread )
  0x000001996f91b990 JavaThread "main" [_thread_blocked, id=18052, stack(0x0000008cb6b00000,0x0000008cb6c00000)]
  0x000001990f5cce90 JavaThread "Reference Handler" daemon [_thread_blocked, id=17496, stack(0x0000008cb7200000,0x0000008cb7300000)]
  0x000001990f5cdd10 JavaThread "Finalizer" daemon [_thread_blocked, id=17580, stack(0x0000008cb7300000,0x0000008cb7400000)]
  0x000001990f617c90 JavaThread "Signal Dispatcher" daemon [_thread_blocked, id=17520, stack(0x0000008cb7400000,0x0000008cb7500000)]
  0x000001990f618b10 JavaThread "Attach Listener" daemon [_thread_blocked, id=17512, stack(0x0000008cb7500000,0x0000008cb7600000)]
  0x000001990f61a9e0 JavaThread "Service Thread" daemon [_thread_blocked, id=17532, stack(0x0000008cb7600000,0x0000008cb7700000)]
  0x000001990f64c030 JavaThread "Monitor Deflation Thread" daemon [_thread_blocked, id=17536, stack(0x0000008cb7700000,0x0000008cb7800000)]
  0x000001990f64cc30 JavaThread "C2 CompilerThread0" daemon [_thread_blocked, id=17620, stack(0x0000008cb7800000,0x0000008cb7900000)]
  0x000001990f64ee60 JavaThread "C1 CompilerThread0" daemon [_thread_blocked, id=17500, stack(0x0000008cb7900000,0x0000008cb7a00000)]
  0x000001990f64f860 JavaThread "Sweeper thread" daemon [_thread_blocked, id=17416, stack(0x0000008cb7a00000,0x0000008cb7b00000)]
  0x000001990f7be030 JavaThread "Common-Cleaner" daemon [_thread_blocked, id=17692, stack(0x0000008cb7b00000,0x0000008cb7c00000)]
  0x000001990f7d4010 JavaThread "Notification Thread" daemon [_thread_blocked, id=18124, stack(0x0000008cb7c00000,0x0000008cb7d00000)]
  0x0000019914d3a120 JavaThread "Daemon health stats" [_thread_blocked, id=19196, stack(0x0000008cb8200000,0x0000008cb8300000)]
  0x0000019915844d70 JavaThread "Incoming local TCP Connector on port 51561" [_thread_in_native, id=19028, stack(0x0000008cb8a00000,0x0000008cb8b00000)]
  0x00000199158703e0 JavaThread "Daemon periodic checks" [_thread_blocked, id=19008, stack(0x0000008cb8b00000,0x0000008cb8c00000)]
  0x00000199158aca10 JavaThread "Daemon" [_thread_blocked, id=19408, stack(0x0000008cb8c00000,0x0000008cb8d00000)]
  0x00000199154ad0d0 JavaThread "Handler for socket connection from /127.0.0.1:51561 to /127.0.0.1:51562" [_thread_in_native, id=19428, stack(0x0000008cb8d00000,0x0000008cb8e00000)]
  0x00000199153f2b70 JavaThread "Cancel handler" [_thread_blocked, id=19044, stack(0x0000008cb8e00000,0x0000008cb8f00000)]
  0x00000199153f2660 JavaThread "Daemon worker" [_thread_blocked, id=19296, stack(0x0000008cb8f00000,0x0000008cb9000000)]
  0x00000199153f3080 JavaThread "Asynchronous log dispatcher for DefaultDaemonConnection: socket connection from /127.0.0.1:51561 to /127.0.0.1:51562" [_thread_blocked, id=19064, stack(0x0000008cb9000000,0x0000008cb9100000)]
  0x00000199153f53f0 JavaThread "Stdin handler" [_thread_blocked, id=19304, stack(0x0000008cb9100000,0x0000008cb9200000)]
  0x00000199153f3fb0 JavaThread "Daemon client event forwarder" [_thread_blocked, id=19040, stack(0x0000008cb9200000,0x0000008cb9300000)]
  0x00000199153f3aa0 JavaThread "Cache worker for journal cache (C:\Users\ACER\.gradle\caches\journal-1)" [_thread_blocked, id=19268, stack(0x0000008cb9300000,0x0000008cb9400000)]
  0x00000199153f44c0 JavaThread "File lock request listener" [_thread_in_native, id=18912, stack(0x0000008cb9400000,0x0000008cb9500000)]
  0x00000199153f49d0 JavaThread "Cache worker for file hash cache (C:\Users\ACER\.gradle\caches\7.6.3\fileHashes)" [_thread_blocked, id=19888, stack(0x0000008cb9b00000,0x0000008cb9c00000)]
  0x00000199153f5900 JavaThread "File watcher server" daemon [_thread_in_native, id=18104, stack(0x0000008cb9c00000,0x0000008cb9d00000)]
  0x00000199153f5e10 JavaThread "File watcher consumer" daemon [_thread_blocked, id=20520, stack(0x0000008cb9d00000,0x0000008cb9e00000)]
  0x00000199153f4ee0 JavaThread "Cache worker for checksums cache (D:\Lana\tes\yayasan\android\.gradle\7.6.3\checksums)" [_thread_blocked, id=16736, stack(0x0000008cb9e00000,0x0000008cb9f00000)]
  0x0000019915fa2c60 JavaThread "Cache worker for cache directory md-rule (C:\Users\ACER\.gradle\caches\7.6.3\md-rule)" [_thread_blocked, id=17364, stack(0x0000008cb9f00000,0x0000008cba000000)]
  0x0000019915fa2750 JavaThread "Cache worker for file content cache (C:\Users\ACER\.gradle\caches\7.6.3\fileContent)" [_thread_blocked, id=17540, stack(0x0000008cba000000,0x0000008cba100000)]
  0x0000019915fa8c90 JavaThread "Cache worker for file hash cache (D:\Lana\tes\yayasan\android\.gradle\7.6.3\fileHashes)" [_thread_blocked, id=20308, stack(0x0000008cb6a00000,0x0000008cb6b00000)]
  0x0000019915fa7d60 JavaThread "Cache worker for cache directory md-supplier (C:\Users\ACER\.gradle\caches\7.6.3\md-supplier)" [_thread_blocked, id=20824, stack(0x0000008cba100000,0x0000008cba200000)]
  0x0000019915fa3170 JavaThread "Cache worker for execution history cache (C:\Users\ACER\.gradle\caches\7.6.3\executionHistory)" [_thread_blocked, id=18256, stack(0x0000008cba400000,0x0000008cba500000)]
  0x0000019915fa6410 JavaThread "File lock release action executor" [_thread_blocked, id=20200, stack(0x0000008cba500000,0x0000008cba600000)]
  0x0000019915fa91a0 JavaThread "jar transforms" [_thread_blocked, id=8440, stack(0x0000008cba600000,0x0000008cba700000)]
  0x0000019915fa40a0 JavaThread "Cache worker for kotlin-dsl (C:\Users\ACER\.gradle\caches\7.6.3\kotlin-dsl)" [_thread_blocked, id=14884, stack(0x0000008cba700000,0x0000008cba800000)]
  0x0000019915fa1d30 JavaThread "jar transforms Thread 2" [_thread_blocked, id=13084, stack(0x0000008cb6800000,0x0000008cb6900000)]
  0x0000019915fa45b0 JavaThread "Cache worker for dependencies-accessors (D:\Lana\tes\yayasan\android\.gradle\7.6.3\dependencies-accessors)" [_thread_blocked, id=2212, stack(0x0000008cb6900000,0x0000008cb6a00000)]
  0x0000019915fa59f0 JavaThread "Cache worker for Build Output Cleanup Cache (D:\flutter\packages\flutter_tools\gradle\.gradle\buildOutputCleanup)" [_thread_blocked, id=21632, stack(0x0000008cba800000,0x0000008cba900000)]
  0x0000019915fa7340 JavaThread "jar transforms Thread 3" [_thread_blocked, id=21920, stack(0x0000008cba900000,0x0000008cbaa00000)]
  0x0000019915fa4ac0 JavaThread "Memory manager" [_thread_blocked, id=14972, stack(0x0000008cbaa00000,0x0000008cbab00000)]
  0x0000019915fa4fd0 JavaThread "jar transforms Thread 4" [_thread_blocked, id=15740, stack(0x0000008cbab00000,0x0000008cbac00000)]

Other Threads:
=>0x000001990f5c8160 VMThread "VM Thread" [stack: 0x0000008cb7100000,0x0000008cb7200000] [id=15300]
  0x000001990f7c2930 WatcherThread [stack: 0x0000008cb7d00000,0x0000008cb7e00000] [id=17756]
  0x000001996f98b100 GCTaskThread "GC Thread#0" [stack: 0x0000008cb6c00000,0x0000008cb6d00000] [id=18168]
  0x00000199148357d0 GCTaskThread "GC Thread#1" [stack: 0x0000008cb7e00000,0x0000008cb7f00000] [id=18980]
  0x00000199148b9920 GCTaskThread "GC Thread#2" [stack: 0x0000008cb7f00000,0x0000008cb8000000] [id=18992]
  0x000001991488a050 GCTaskThread "GC Thread#3" [stack: 0x0000008cb8000000,0x0000008cb8100000] [id=18996]
  0x00000199148b80b0 GCTaskThread "GC Thread#4" [stack: 0x0000008cb8100000,0x0000008cb8200000] [id=18492]
  0x0000019914da97e0 GCTaskThread "GC Thread#5" [stack: 0x0000008cb8400000,0x0000008cb8500000] [id=18452]
  0x0000019914d89b90 GCTaskThread "GC Thread#6" [stack: 0x0000008cb8500000,0x0000008cb8600000] [id=17424]
  0x000001991540cd00 GCTaskThread "GC Thread#7" [stack: 0x0000008cb8600000,0x0000008cb8700000] [id=17616]
  0x0000019915405330 GCTaskThread "GC Thread#8" [stack: 0x0000008cb8700000,0x0000008cb8800000] [id=18888]
  0x0000019914f81390 GCTaskThread "GC Thread#9" [stack: 0x0000008cb8300000,0x0000008cb8400000] [id=19756]
  0x00000199159d5c50 GCTaskThread "GC Thread#10" [stack: 0x0000008cb8800000,0x0000008cb8900000] [id=19256]
  0x0000019914e2ce00 GCTaskThread "GC Thread#11" [stack: 0x0000008cb8900000,0x0000008cb8a00000] [id=19172]
  0x0000019914e2e400 GCTaskThread "GC Thread#12" [stack: 0x0000008cb9500000,0x0000008cb9600000] [id=19696]
  0x0000019914e2cb40 GCTaskThread "GC Thread#13" [stack: 0x0000008cb9600000,0x0000008cb9700000] [id=19596]
  0x0000019914e2dbc0 GCTaskThread "GC Thread#14" [stack: 0x0000008cb9700000,0x0000008cb9800000] [id=9380]
  0x000001996f99c050 ConcurrentGCThread "G1 Main Marker" [stack: 0x0000008cb6d00000,0x0000008cb6e00000] [id=17428]
  0x000001996f99ca70 ConcurrentGCThread "G1 Conc#0" [stack: 0x0000008cb6e00000,0x0000008cb6f00000] [id=17472]
  0x0000019914e2c880 ConcurrentGCThread "G1 Conc#1" [stack: 0x0000008cb9800000,0x0000008cb9900000] [id=19892]
  0x0000019914e2de80 ConcurrentGCThread "G1 Conc#2" [stack: 0x0000008cb9900000,0x0000008cb9a00000] [id=19816]
  0x0000019914e2d380 ConcurrentGCThread "G1 Conc#3" [stack: 0x0000008cb9a00000,0x0000008cb9b00000] [id=19876]
  0x000001997fe1a570 ConcurrentGCThread "G1 Refine#0" [stack: 0x0000008cb6f00000,0x0000008cb7000000] [id=5560]
  0x000001997fe1aeb0 ConcurrentGCThread "G1 Service" [stack: 0x0000008cb7000000,0x0000008cb7100000] [id=17300]

Threads with active compile tasks:

VM state: at safepoint (normal execution)

VM Mutex/Monitor currently owned by a thread:  ([mutex/lock_event])
[0x000001996f918680] Threads_lock - owner thread: 0x000001990f5c8160
[0x000001996f917a20] Heap_lock - owner thread: 0x00000199153f2660

Heap address: 0x0000000700000000, size: 4096 MB, Compressed Oops mode: Zero based, Oop shift amount: 3

CDS archive(s) not mapped
Compressed class space mapped at: 0x0000000800000000-0x0000000840000000, reserved size: 1073741824
Narrow klass base: 0x0000000800000000, Narrow klass shift: 0, Narrow klass range: 0x40000000

GC Precious Log:
 CPUs: 20 total, 20 available
 Memory: 7900M
 Large Page Support: Disabled
 NUMA Support: Disabled
 Compressed Oops: Enabled (Zero based)
 Heap Region Size: 2M
 Heap Min Capacity: 8M
 Heap Initial Capacity: 124M
 Heap Max Capacity: 4G
 Pre-touch: Disabled
 Parallel Workers: 15
 Concurrent Workers: 4
 Concurrent Refinement Workers: 15
 Periodic GC: Disabled

Heap:
 garbage-first heap   total 137216K, used 35338K [0x0000000700000000, 0x0000000800000000)
  region size 2048K, 1 young (2048K), 1 survivors (2048K)
 Metaspace       used 60875K, committed 61376K, reserved 1114112K
  class space    used 8207K, committed 8448K, reserved 1048576K

Heap Regions: E=young(eden), S=young(survivor), O=old, HS=humongous(starts), HC=humongous(continues), CS=collection set, F=free, OA=open archive, CA=closed archive, TAMS=top-at-mark-start (previous, next)
|   0|0x0000000700000000, 0x0000000700200000, 0x0000000700200000|100%|HS|  |TAMS 0x0000000700200000, 0x0000000700000000| Complete 
|   1|0x0000000700200000, 0x0000000700400000, 0x0000000700400000|100%|HC|  |TAMS 0x0000000700400000, 0x0000000700200000| Complete 
|   2|0x0000000700400000, 0x0000000700600000, 0x0000000700600000|100%| O|  |TAMS 0x0000000700600000, 0x0000000700400000| Untracked 
|   3|0x0000000700600000, 0x0000000700800000, 0x0000000700800000|100%| O|  |TAMS 0x0000000700800000, 0x0000000700600000| Untracked 
|   4|0x0000000700800000, 0x0000000700a00000, 0x0000000700a00000|100%| O|  |TAMS 0x0000000700a00000, 0x0000000700800000| Untracked 
|   5|0x0000000700a00000, 0x0000000700c00000, 0x0000000700c00000|100%| O|  |TAMS 0x0000000700c00000, 0x0000000700a00000| Untracked 
|   6|0x0000000700c00000, 0x0000000700e00000, 0x0000000700e00000|100%| O|  |TAMS 0x0000000700e00000, 0x0000000700c00000| Untracked 
|   7|0x0000000700e00000, 0x0000000701000000, 0x0000000701000000|100%| O|  |TAMS 0x0000000701000000, 0x0000000700e00000| Untracked 
|   8|0x0000000701000000, 0x0000000701200000, 0x0000000701200000|100%| O|  |TAMS 0x0000000701200000, 0x0000000701000000| Untracked 
|   9|0x0000000701200000, 0x0000000701400000, 0x0000000701400000|100%| O|  |TAMS 0x0000000701400000, 0x0000000701200000| Untracked 
|  10|0x0000000701400000, 0x0000000701600000, 0x0000000701600000|100%| O|  |TAMS 0x0000000701600000, 0x0000000701400000| Untracked 
|  11|0x0000000701600000, 0x0000000701800000, 0x0000000701800000|100%| O|  |TAMS 0x0000000701800000, 0x0000000701600000| Untracked 
|  12|0x0000000701800000, 0x0000000701a00000, 0x0000000701a00000|100%| O|  |TAMS 0x0000000701a00000, 0x0000000701800000| Untracked 
|  13|0x0000000701a00000, 0x0000000701c00000, 0x0000000701c00000|100%| O|  |TAMS 0x0000000701c00000, 0x0000000701a00000| Untracked 
|  14|0x0000000701c00000, 0x0000000701e00000, 0x0000000701e00000|100%| O|  |TAMS 0x0000000701e00000, 0x0000000701c00000| Untracked 
|  15|0x0000000701e00000, 0x0000000702000000, 0x0000000702000000|100%| O|  |TAMS 0x0000000702000000, 0x0000000701e00000| Untracked 
|  16|0x0000000702000000, 0x0000000702000000, 0x0000000702200000|  0%| F|  |TAMS 0x0000000702000000, 0x0000000702000000| Untracked 
|  17|0x0000000702200000, 0x0000000702353e00, 0x0000000702400000| 66%| O|  |TAMS 0x0000000702200000, 0x0000000702200000| Untracked 
|  18|0x0000000702400000, 0x0000000702400000, 0x0000000702600000|  0%| F|  |TAMS 0x0000000702400000, 0x0000000702400000| Untracked 
|  19|0x0000000702600000, 0x0000000702600000, 0x0000000702800000|  0%| F|  |TAMS 0x0000000702600000, 0x0000000702600000| Untracked 
|  20|0x0000000702800000, 0x0000000702800000, 0x0000000702a00000|  0%| F|  |TAMS 0x0000000702800000, 0x0000000702800000| Untracked 
|  21|0x0000000702a00000, 0x0000000702a00000, 0x0000000702c00000|  0%| F|  |TAMS 0x0000000702a00000, 0x0000000702a00000| Untracked 
|  22|0x0000000702c00000, 0x0000000702c00000, 0x0000000702e00000|  0%| F|  |TAMS 0x0000000702c00000, 0x0000000702c00000| Untracked 
|  23|0x0000000702e00000, 0x0000000702e00000, 0x0000000703000000|  0%| F|  |TAMS 0x0000000702e00000, 0x0000000702e00000| Untracked 
|  24|0x0000000703000000, 0x0000000703000000, 0x0000000703200000|  0%| F|  |TAMS 0x0000000703000000, 0x0000000703000000| Untracked 
|  25|0x0000000703200000, 0x0000000703200000, 0x0000000703400000|  0%| F|  |TAMS 0x0000000703200000, 0x0000000703200000| Untracked 
|  26|0x0000000703400000, 0x0000000703400000, 0x0000000703600000|  0%| F|  |TAMS 0x0000000703400000, 0x0000000703400000| Untracked 
|  27|0x0000000703600000, 0x0000000703600000, 0x0000000703800000|  0%| F|  |TAMS 0x0000000703600000, 0x0000000703600000| Untracked 
|  28|0x0000000703800000, 0x0000000703800000, 0x0000000703a00000|  0%| F|  |TAMS 0x0000000703800000, 0x0000000703800000| Untracked 
|  29|0x0000000703a00000, 0x0000000703a00000, 0x0000000703c00000|  0%| F|  |TAMS 0x0000000703a00000, 0x0000000703a00000| Untracked 
|  30|0x0000000703c00000, 0x0000000703c00000, 0x0000000703e00000|  0%| F|  |TAMS 0x0000000703c00000, 0x0000000703c00000| Untracked 
|  31|0x0000000703e00000, 0x0000000703e00000, 0x0000000704000000|  0%| F|  |TAMS 0x0000000703e00000, 0x0000000703e00000| Untracked 
|  32|0x0000000704000000, 0x0000000704000000, 0x0000000704200000|  0%| F|  |TAMS 0x0000000704000000, 0x0000000704000000| Untracked 
|  33|0x0000000704200000, 0x0000000704200000, 0x0000000704400000|  0%| F|  |TAMS 0x0000000704200000, 0x0000000704200000| Untracked 
|  34|0x0000000704400000, 0x0000000704400000, 0x0000000704600000|  0%| F|  |TAMS 0x0000000704400000, 0x0000000704400000| Untracked 
|  35|0x0000000704600000, 0x0000000704600000, 0x0000000704800000|  0%| F|  |TAMS 0x0000000704600000, 0x0000000704600000| Untracked 
|  36|0x0000000704800000, 0x0000000704800000, 0x0000000704a00000|  0%| F|  |TAMS 0x0000000704800000, 0x0000000704800000| Untracked 
|  37|0x0000000704a00000, 0x0000000704a00000, 0x0000000704c00000|  0%| F|  |TAMS 0x0000000704a00000, 0x0000000704a00000| Untracked 
|  38|0x0000000704c00000, 0x0000000704c00000, 0x0000000704e00000|  0%| F|  |TAMS 0x0000000704c00000, 0x0000000704c00000| Untracked 
|  39|0x0000000704e00000, 0x0000000704e00000, 0x0000000705000000|  0%| F|  |TAMS 0x0000000704e00000, 0x0000000704e00000| Untracked 
|  40|0x0000000705000000, 0x0000000705000000, 0x0000000705200000|  0%| F|  |TAMS 0x0000000705000000, 0x0000000705000000| Untracked 
|  41|0x0000000705200000, 0x0000000705200000, 0x0000000705400000|  0%| F|  |TAMS 0x0000000705200000, 0x0000000705200000| Untracked 
|  42|0x0000000705400000, 0x0000000705400000, 0x0000000705600000|  0%| F|  |TAMS 0x0000000705400000, 0x0000000705400000| Untracked 
|  43|0x0000000705600000, 0x0000000705600000, 0x0000000705800000|  0%| F|  |TAMS 0x0000000705600000, 0x0000000705600000| Untracked 
|  44|0x0000000705800000, 0x0000000705800000, 0x0000000705a00000|  0%| F|  |TAMS 0x0000000705800000, 0x0000000705800000| Untracked 
|  45|0x0000000705a00000, 0x0000000705a00000, 0x0000000705c00000|  0%| F|  |TAMS 0x0000000705a00000, 0x0000000705a00000| Untracked 
|  46|0x0000000705c00000, 0x0000000705c00000, 0x0000000705e00000|  0%| F|  |TAMS 0x0000000705c00000, 0x0000000705c00000| Untracked 
|  47|0x0000000705e00000, 0x0000000705e00000, 0x0000000706000000|  0%| F|  |TAMS 0x0000000705e00000, 0x0000000705e00000| Untracked 
|  48|0x0000000706000000, 0x0000000706000000, 0x0000000706200000|  0%| F|  |TAMS 0x0000000706000000, 0x0000000706000000| Untracked 
|  49|0x0000000706200000, 0x0000000706200000, 0x0000000706400000|  0%| F|  |TAMS 0x0000000706200000, 0x0000000706200000| Untracked 
|  50|0x0000000706400000, 0x0000000706400000, 0x0000000706600000|  0%| F|  |TAMS 0x0000000706400000, 0x0000000706400000| Untracked 
|  51|0x0000000706600000, 0x0000000706600000, 0x0000000706800000|  0%| F|  |TAMS 0x0000000706600000, 0x0000000706600000| Untracked 
|  52|0x0000000706800000, 0x0000000706800000, 0x0000000706a00000|  0%| F|  |TAMS 0x0000000706800000, 0x0000000706800000| Untracked 
|  53|0x0000000706a00000, 0x0000000706a00000, 0x0000000706c00000|  0%| F|  |TAMS 0x0000000706a00000, 0x0000000706a00000| Untracked 
|  54|0x0000000706c00000, 0x0000000706c00000, 0x0000000706e00000|  0%| F|  |TAMS 0x0000000706c00000, 0x0000000706c00000| Untracked 
|  55|0x0000000706e00000, 0x0000000706e00000, 0x0000000707000000|  0%| F|  |TAMS 0x0000000706e00000, 0x0000000706e00000| Untracked 
|  56|0x0000000707000000, 0x0000000707000000, 0x0000000707200000|  0%| F|  |TAMS 0x0000000707000000, 0x0000000707000000| Untracked 
|  57|0x0000000707200000, 0x0000000707200000, 0x0000000707400000|  0%| F|  |TAMS 0x0000000707200000, 0x0000000707200000| Untracked 
|  58|0x0000000707400000, 0x0000000707400000, 0x0000000707600000|  0%| F|  |TAMS 0x0000000707400000, 0x0000000707400000| Untracked 
|  59|0x0000000707600000, 0x0000000707600000, 0x0000000707800000|  0%| F|  |TAMS 0x0000000707600000, 0x0000000707600000| Untracked 
|  60|0x0000000707800000, 0x0000000707800000, 0x0000000707a00000|  0%| F|  |TAMS 0x0000000707800000, 0x0000000707800000| Untracked 
|  61|0x0000000707a00000, 0x0000000707a00000, 0x0000000707c00000|  0%| F|  |TAMS 0x0000000707a00000, 0x0000000707a00000| Untracked 
|  62|0x0000000707c00000, 0x0000000707c00000, 0x0000000707e00000|  0%| F|  |TAMS 0x0000000707c00000, 0x0000000707c00000| Untracked 
|  63|0x0000000707e00000, 0x0000000707e00000, 0x0000000708000000|  0%| F|  |TAMS 0x0000000707e00000, 0x0000000707e00000| Untracked 
| 158|0x0000000713c00000, 0x0000000713d2ec48, 0x0000000713e00000| 59%| S|CS|TAMS 0x0000000713c00000, 0x0000000713c00000| Complete 
| 159|0x0000000713e00000, 0x0000000713e00000, 0x0000000714000000|  0%| F|  |TAMS 0x0000000713e00000, 0x0000000713e00000| Untracked 
| 160|0x0000000714000000, 0x0000000714000000, 0x0000000714200000|  0%| F|  |TAMS 0x0000000714000000, 0x0000000714000000| Untracked 

Card table byte_map: [0x0000019974090000,0x0000019974890000] _byte_map_base: 0x0000019970890000

Marking Bits (Prev, Next): (CMBitMap*) 0x000001996f98b760, (CMBitMap*) 0x000001996f98b720
 Prev Bits: [0x0000019979090000, 0x000001997d090000)
 Next Bits: [0x0000019975090000, 0x0000019979090000)

Polling page: 0x000001996d650000

Metaspace:

Usage:
  Non-class:     51.43 MB used.
      Class:      8.02 MB used.
       Both:     59.45 MB used.

Virtual space:
  Non-class space:       64.00 MB reserved,      51.69 MB ( 81%) committed,  1 nodes.
      Class space:        1.00 GB reserved,       8.25 MB ( <1%) committed,  1 nodes.
             Both:        1.06 GB reserved,      59.94 MB (  6%) committed. 

Chunk freelists:
   Non-Class:  11.94 MB
       Class:  7.76 MB
        Both:  19.70 MB

MaxMetaspaceSize: unlimited
CompressedClassSpaceSize: 1.00 GB
Initial GC threshold: 21.00 MB
Current GC threshold: 99.00 MB
CDS: off
MetaspaceReclaimPolicy: balanced
 - commit_granule_bytes: 65536.
 - commit_granule_words: 8192.
 - virtual_space_node_default_size: 8388608.
 - enlarge_chunks_in_place: 1.
 - new_chunks_are_fully_committed: 0.
 - uncommit_free_chunks: 1.
 - use_allocation_guard: 0.
 - handle_deallocations: 1.


Internal statistics:

num_allocs_failed_limit: 12.
num_arena_births: 610.
num_arena_deaths: 0.
num_vsnodes_births: 2.
num_vsnodes_deaths: 0.
num_space_committed: 959.
num_space_uncommitted: 0.
num_chunks_returned_to_freelist: 12.
num_chunks_taken_from_freelist: 2567.
num_chunk_merges: 12.
num_chunk_splits: 1736.
num_chunks_enlarged: 1226.
num_inconsistent_stats: 0.

CodeHeap 'non-profiled nmethods': size=119168Kb used=2775Kb max_used=3213Kb free=116392Kb
 bounds [0x0000019907ba0000, 0x0000019907ed0000, 0x000001990f000000]
CodeHeap 'profiled nmethods': size=119104Kb used=10283Kb max_used=10958Kb free=108820Kb
 bounds [0x0000019900000000, 0x0000019900ac0000, 0x0000019907450000]
CodeHeap 'non-nmethods': size=7488Kb used=2344Kb max_used=2915Kb free=5143Kb
 bounds [0x0000019907450000, 0x0000019907730000, 0x0000019907ba0000]
 total_blobs=6007 nmethods=5142 adapters=777
 compilation: enabled
              stopped_count=0, restarted_count=0
 full_count=0

Compilation events (20 events):
Event: 185.194 Thread 0x000001990f64ee60 6094       3       sun.reflect.generics.visitor.Reifier::visitWildcard (22 bytes)
Event: 185.195 Thread 0x000001990f64ee60 nmethod 6094 0x00000199002a7310 code [0x00000199002a74e0, 0x00000199002a7928]
Event: 185.195 Thread 0x000001990f64ee60 6095       3       sun.reflect.generics.tree.Wildcard::getLowerBounds (30 bytes)
Event: 185.195 Thread 0x000001990f64ee60 nmethod 6095 0x00000199002a6c10 code [0x00000199002a6dc0, 0x00000199002a7018]
Event: 185.195 Thread 0x000001990f64ee60 6096       3       sun.reflect.generics.factory.CoreReflectionFactory::makeWildcard (7 bytes)
Event: 185.195 Thread 0x000001990f64ee60 nmethod 6096 0x000001990075db90 code [0x000001990075dd20, 0x000001990075de68]
Event: 185.195 Thread 0x000001990f64ee60 6097       3       sun.reflect.generics.reflectiveObjects.WildcardTypeImpl::make (11 bytes)
Event: 185.195 Thread 0x000001990f64ee60 nmethod 6097 0x000001990075d510 code [0x000001990075d6c0, 0x000001990075da58]
Event: 185.195 Thread 0x000001990f64ee60 6098       3       sun.reflect.generics.reflectiveObjects.WildcardTypeImpl::<init> (16 bytes)
Event: 185.216 Thread 0x000001990f64ee60 nmethod 6098 0x000001990075cf90 code [0x000001990075d140, 0x000001990075d438]
Event: 186.924 Thread 0x000001990f64ee60 6103   !   3       java.util.concurrent.ThreadPoolExecutor::getTask (177 bytes)
Event: 186.957 Thread 0x000001990f64ee60 nmethod 6103 0x000001990075b990 code [0x000001990075bc20, 0x000001990075cb18]
Event: 187.159 Thread 0x000001990f64ee60 6104       3       com.esotericsoftware.kryo.io.Output::require (209 bytes)
Event: 187.161 Thread 0x000001990f64ee60 nmethod 6104 0x000001990007de10 code [0x000001990007e0e0, 0x000001990007eb58]
Event: 188.165 Thread 0x000001990f64cc30 6105       4       jdk.internal.org.objectweb.asm.AnnotationWriter::putAnnotations (67 bytes)
Event: 188.171 Thread 0x000001990f64ee60 6106       3       java.lang.invoke.MethodHandles::constant (88 bytes)
Event: 188.213 Thread 0x000001990f64ee60 nmethod 6106 0x000001990007c690 code [0x000001990007c980, 0x000001990007d918]
Event: 188.216 Thread 0x000001990f64cc30 nmethod 6105 0x0000019907c71d10 code [0x0000019907c71ee0, 0x0000019907c721b0]
Event: 188.739 Thread 0x000001990f64ee60 6107       3       java.util.concurrent.ThreadPoolExecutor::afterExecute (1 bytes)
Event: 188.740 Thread 0x000001990f64ee60 nmethod 6107 0x000001990007c310 code [0x000001990007c4a0, 0x000001990007c5b8]

GC Heap History (20 events):
Event: 76.461 GC heap after
{Heap after GC invocations=14 (full 0):
 garbage-first heap   total 96256K, used 31911K [0x0000000700000000, 0x0000000800000000)
  region size 2048K, 2 young (4096K), 2 survivors (4096K)
 Metaspace       used 49950K, committed 50432K, reserved 1114112K
  class space    used 6677K, committed 6912K, reserved 1048576K
}
Event: 83.867 GC heap before
{Heap before GC invocations=14 (full 0):
 garbage-first heap   total 96256K, used 40103K [0x0000000700000000, 0x0000000800000000)
  region size 2048K, 6 young (12288K), 2 survivors (4096K)
 Metaspace       used 51891K, committed 52352K, reserved 1114112K
  class space    used 6947K, committed 7168K, reserved 1048576K
}
Event: 84.421 GC heap after
{Heap after GC invocations=15 (full 0):
 garbage-first heap   total 192512K, used 32596K [0x0000000700000000, 0x0000000800000000)
  region size 2048K, 1 young (2048K), 1 survivors (2048K)
 Metaspace       used 51891K, committed 52352K, reserved 1114112K
  class space    used 6947K, committed 7168K, reserved 1048576K
}
Event: 90.403 GC heap before
{Heap before GC invocations=15 (full 0):
 garbage-first heap   total 192512K, used 40788K [0x0000000700000000, 0x0000000800000000)
  region size 2048K, 5 young (10240K), 1 survivors (2048K)
 Metaspace       used 52786K, committed 53312K, reserved 1114112K
  class space    used 7089K, committed 7296K, reserved 1048576K
}
Event: 90.968 GC heap after
{Heap after GC invocations=16 (full 0):
 garbage-first heap   total 192512K, used 32777K [0x0000000700000000, 0x0000000800000000)
  region size 2048K, 1 young (2048K), 1 survivors (2048K)
 Metaspace       used 52786K, committed 53312K, reserved 1114112K
  class space    used 7089K, committed 7296K, reserved 1048576K
}
Event: 101.143 GC heap before
{Heap before GC invocations=16 (full 0):
 garbage-first heap   total 192512K, used 51209K [0x0000000700000000, 0x0000000800000000)
  region size 2048K, 10 young (20480K), 1 survivors (2048K)
 Metaspace       used 55199K, committed 55616K, reserved 1114112K
  class space    used 7427K, committed 7616K, reserved 1048576K
}
Event: 101.579 GC heap after
{Heap after GC invocations=17 (full 0):
 garbage-first heap   total 192512K, used 33400K [0x0000000700000000, 0x0000000800000000)
  region size 2048K, 1 young (2048K), 1 survivors (2048K)
 Metaspace       used 55199K, committed 55616K, reserved 1114112K
  class space    used 7427K, committed 7616K, reserved 1048576K
}
Event: 104.172 GC heap before
{Heap before GC invocations=17 (full 0):
 garbage-first heap   total 192512K, used 39544K [0x0000000700000000, 0x0000000800000000)
  region size 2048K, 4 young (8192K), 1 survivors (2048K)
 Metaspace       used 56119K, committed 56576K, reserved 1114112K
  class space    used 7545K, committed 7744K, reserved 1048576K
}
Event: 104.560 GC heap after
{Heap after GC invocations=18 (full 0):
 garbage-first heap   total 192512K, used 33639K [0x0000000700000000, 0x0000000800000000)
  region size 2048K, 1 young (2048K), 1 survivors (2048K)
 Metaspace       used 56119K, committed 56576K, reserved 1114112K
  class space    used 7545K, committed 7744K, reserved 1048576K
}
Event: 107.487 GC heap before
{Heap before GC invocations=18 (full 0):
 garbage-first heap   total 192512K, used 39783K [0x0000000700000000, 0x0000000800000000)
  region size 2048K, 4 young (8192K), 1 survivors (2048K)
 Metaspace       used 56806K, committed 57216K, reserved 1114112K
  class space    used 7628K, committed 7808K, reserved 1048576K
}
Event: 108.522 GC heap after
{Heap after GC invocations=19 (full 0):
 garbage-first heap   total 329728K, used 34227K [0x0000000700000000, 0x0000000800000000)
  region size 2048K, 1 young (2048K), 1 survivors (2048K)
 Metaspace       used 56806K, committed 57216K, reserved 1114112K
  class space    used 7628K, committed 7808K, reserved 1048576K
}
Event: 128.823 GC heap before
{Heap before GC invocations=19 (full 0):
 garbage-first heap   total 329728K, used 46515K [0x0000000700000000, 0x0000000800000000)
  region size 2048K, 8 young (16384K), 1 survivors (2048K)
 Metaspace       used 58120K, committed 58624K, reserved 1114112K
  class space    used 7789K, committed 8000K, reserved 1048576K
}
Event: 129.121 GC heap after
{Heap after GC invocations=20 (full 0):
 garbage-first heap   total 329728K, used 35092K [0x0000000700000000, 0x0000000800000000)
  region size 2048K, 1 young (2048K), 1 survivors (2048K)
 Metaspace       used 58120K, committed 58624K, reserved 1114112K
  class space    used 7789K, committed 8000K, reserved 1048576K
}
Event: 165.249 GC heap before
{Heap before GC invocations=20 (full 0):
 garbage-first heap   total 329728K, used 49428K [0x0000000700000000, 0x0000000800000000)
  region size 2048K, 8 young (16384K), 1 survivors (2048K)
 Metaspace       used 59693K, committed 60224K, reserved 1114112K
  class space    used 8042K, committed 8320K, reserved 1048576K
}
Event: 165.589 GC heap after
{Heap after GC invocations=21 (full 0):
 garbage-first heap   total 329728K, used 35229K [0x0000000700000000, 0x0000000800000000)
  region size 2048K, 1 young (2048K), 1 survivors (2048K)
 Metaspace       used 59693K, committed 60224K, reserved 1114112K
  class space    used 8042K, committed 8320K, reserved 1048576K
}
Event: 166.102 GC heap before
{Heap before GC invocations=21 (full 0):
 garbage-first heap   total 329728K, used 35229K [0x0000000700000000, 0x0000000800000000)
  region size 2048K, 2 young (4096K), 1 survivors (2048K)
 Metaspace       used 59750K, committed 60288K, reserved 1114112K
  class space    used 8045K, committed 8320K, reserved 1048576K
}
Event: 166.509 GC heap after
{Heap after GC invocations=22 (full 0):
 garbage-first heap   total 329728K, used 35311K [0x0000000700000000, 0x0000000800000000)
  region size 2048K, 1 young (2048K), 1 survivors (2048K)
 Metaspace       used 59750K, committed 60288K, reserved 1114112K
  class space    used 8045K, committed 8320K, reserved 1048576K
}
Event: 173.621 GC heap before
{Heap before GC invocations=23 (full 0):
 garbage-first heap   total 137216K, used 39407K [0x0000000700000000, 0x0000000800000000)
  region size 2048K, 3 young (6144K), 1 survivors (2048K)
 Metaspace       used 60336K, committed 60864K, reserved 1114112K
  class space    used 8125K, committed 8384K, reserved 1048576K
}
Event: 174.008 GC heap after
{Heap after GC invocations=24 (full 0):
 garbage-first heap   total 137216K, used 35268K [0x0000000700000000, 0x0000000800000000)
  region size 2048K, 1 young (2048K), 1 survivors (2048K)
 Metaspace       used 60336K, committed 60864K, reserved 1114112K
  class space    used 8125K, committed 8384K, reserved 1048576K
}
Event: 189.699 GC heap before
{Heap before GC invocations=24 (full 0):
 garbage-first heap   total 137216K, used 39364K [0x0000000700000000, 0x0000000800000000)
  region size 2048K, 3 young (6144K), 1 survivors (2048K)
 Metaspace       used 60875K, committed 61376K, reserved 1114112K
  class space    used 8207K, committed 8448K, reserved 1048576K
}

Dll operation events (2 events):
Event: 0.021 Loaded shared library C:\Program Files\Android\Android Studio\jbr\bin\java.dll
Event: 1.246 Loaded shared library C:\Program Files\Android\Android Studio\jbr\bin\verify.dll

Deoptimization events (20 events):
Event: 138.351 Thread 0x00000199153f2660 Uncommon trap: trap_request=0xffffffde fr.pc=0x0000019907d28e00 relative=0x00000000000050c0
Event: 138.353 Thread 0x00000199153f2660 Uncommon trap: reason=class_check action=maybe_recompile pc=0x0000019907d28e00 method=jdk.internal.loader.URLClassPath.getLoader(I)Ljdk/internal/loader/URLClassPath$Loader; @ 190 c2
Event: 138.355 Thread 0x00000199153f2660 DEOPT PACKING pc=0x0000019907d28e00 sp=0x0000008cb8ff5f90
Event: 138.358 Thread 0x00000199153f2660 DEOPT UNPACKING pc=0x00000199074a69a3 sp=0x0000008cb8ff5fa0 mode 2
Event: 138.359 Thread 0x00000199153f2660 Uncommon trap: trap_request=0xffffffde fr.pc=0x0000019907d4dfb0 relative=0x00000000000005d0
Event: 138.359 Thread 0x00000199153f2660 Uncommon trap: reason=class_check action=maybe_recompile pc=0x0000019907d4dfb0 method=jdk.internal.loader.URLClassPath.getResource(Ljava/lang/String;Z)Ljdk/internal/loader/Resource; @ 53 c2
Event: 138.359 Thread 0x00000199153f2660 DEOPT PACKING pc=0x0000019907d4dfb0 sp=0x0000008cb8ff6070
Event: 138.360 Thread 0x00000199153f2660 DEOPT UNPACKING pc=0x00000199074a69a3 sp=0x0000008cb8ff6030 mode 2
Event: 138.362 Thread 0x00000199153f2660 Uncommon trap: trap_request=0xffffff45 fr.pc=0x0000019907c8c1d8 relative=0x0000000000000618
Event: 138.362 Thread 0x00000199153f2660 Uncommon trap: reason=unstable_if action=reinterpret pc=0x0000019907c8c1d8 method=java.lang.String.regionMatches(ZILjava/lang/String;II)Z @ 36 c2
Event: 138.362 Thread 0x00000199153f2660 DEOPT PACKING pc=0x0000019907c8c1d8 sp=0x0000008cb8ff5e20
Event: 138.362 Thread 0x00000199153f2660 DEOPT UNPACKING pc=0x00000199074a69a3 sp=0x0000008cb8ff5dc8 mode 2
Event: 138.378 Thread 0x00000199153f2660 Uncommon trap: trap_request=0xffffffde fr.pc=0x0000019907db61e0 relative=0x0000000000005280
Event: 138.379 Thread 0x00000199153f2660 Uncommon trap: reason=class_check action=maybe_recompile pc=0x0000019907db61e0 method=java.net.URLClassLoader.defineClass(Ljava/lang/String;Ljdk/internal/loader/Resource;)Ljava/lang/Class; @ 13 c2
Event: 138.379 Thread 0x00000199153f2660 DEOPT PACKING pc=0x0000019907db61e0 sp=0x0000008cb8ff6100
Event: 138.379 Thread 0x00000199153f2660 DEOPT UNPACKING pc=0x00000199074a69a3 sp=0x0000008cb8ff6040 mode 2
Event: 138.379 Thread 0x00000199153f2660 Uncommon trap: trap_request=0xffffffde fr.pc=0x0000019907e1bc68 relative=0x00000000000002c8
Event: 138.379 Thread 0x00000199153f2660 Uncommon trap: reason=class_check action=maybe_recompile pc=0x0000019907e1bc68 method=jdk.internal.loader.Resource.cachedInputStream()Ljava/io/InputStream; @ 9 c2
Event: 138.379 Thread 0x00000199153f2660 DEOPT PACKING pc=0x0000019907e1bc68 sp=0x0000008cb8ff6000
Event: 138.379 Thread 0x00000199153f2660 DEOPT UNPACKING pc=0x00000199074a69a3 sp=0x0000008cb8ff5f50 mode 2

Classes unloaded (0 events):
No events

Classes redefined (0 events):
No events

Internal exceptions (20 events):
Event: 57.225 Thread 0x00000199153f2660 Exception <a 'java/lang/NoSuchMethodError'{0x0000000704c75ce0}: 'java.lang.Object java.lang.invoke.DirectMethodHandle$Holder.invokeStatic(java.lang.Object, java.lang.Object, java.lang.Object, java.lang.Object, java.lang.Object, java.lang.Object, java.lang.Object, java.lang.Object, java.lang.Object, java.lang.Object, java.lang.Object, java.lang.Object, java.lang.Object, java.lang.Object, java.lang.Object, java.lang.Object, java.lang.Object, java.lang.Object, java.lang.Object, java.lang.Object)'> (0x00000007
Event: 57.229 Thread 0x00000199153f2660 Exception <a 'java/lang/NoSuchMethodError'{0x0000000704ca28c8}: 'java.lang.Object java.lang.invoke.DirectMethodHandle$Holder.invokeStatic(java.lang.Object, java.lang.Object, java.lang.Object, java.lang.Object, java.lang.Object, java.lang.Object, java.lang.Object, java.lang.Object, java.lang.Object, java.lang.Object, java.lang.Object, java.lang.Object, java.lang.Object, java.lang.Object, java.lang.Object, java.lang.Object, java.lang.Object, java.lang.Object, java.lang.Object, java.lang.Object, java.lang.Obj
Event: 57.230 Thread 0x00000199153f2660 Exception <a 'java/lang/NoSuchMethodError'{0x0000000704cce120}: 'java.lang.Object java.lang.invoke.DirectMethodHandle$Holder.invokeStatic(java.lang.Object, java.lang.Object, java.lang.Object, java.lang.Object, java.lang.Object, java.lang.Object, java.lang.Object, java.lang.Object, java.lang.Object, java.lang.Object, java.lang.Object, java.lang.Object, java.lang.Object, java.lang.Object, java.lang.Object, java.lang.Object, java.lang.Object, java.lang.Object, java.lang.Object, java.lang.Object, java.lang.Obj
Event: 57.337 Thread 0x00000199153f2660 Exception <a 'java/lang/NoSuchMethodError'{0x0000000704cfb410}: 'java.lang.Object java.lang.invoke.DirectMethodHandle$Holder.invokeStatic(java.lang.Object, java.lang.Object, java.lang.Object, java.lang.Object, java.lang.Object, java.lang.Object, java.lang.Object, java.lang.Object, java.lang.Object, java.lang.Object, java.lang.Object, java.lang.Object, java.lang.Object, java.lang.Object, java.lang.Object, java.lang.Object, java.lang.Object, java.lang.Object, java.lang.Object, java.lang.Object, java.lang.Obj
Event: 57.388 Thread 0x00000199153f2660 Exception <a 'java/lang/NoSuchMethodError'{0x0000000704d29ff0}: 'java.lang.Object java.lang.invoke.DirectMethodHandle$Holder.invokeStatic(java.lang.Object, java.lang.Object, java.lang.Object, java.lang.Object, java.lang.Object, java.lang.Object, java.lang.Object, java.lang.Object, java.lang.Object, java.lang.Object, java.lang.Object, java.lang.Object, java.lang.Object, java.lang.Object, java.lang.Object, java.lang.Object, java.lang.Object, java.lang.Object, java.lang.Object, java.lang.Object, java.lang.Obj
Event: 59.532 Thread 0x00000199153f2660 Exception <a 'java/lang/IncompatibleClassChangeError'{0x00000007041517e8}: Found class java.lang.Object, but interface was expected> (0x00000007041517e8) 
thrown [s\src\hotspot\share\interpreter\linkResolver.cpp, line 838]
Event: 60.971 Thread 0x00000199153f2660 Exception <a 'java/lang/IncompatibleClassChangeError'{0x0000000703b1bce0}: Found class java.lang.Object, but interface was expected> (0x0000000703b1bce0) 
thrown [s\src\hotspot\share\interpreter\linkResolver.cpp, line 838]
Event: 61.048 Thread 0x00000199153f2660 Exception <a 'java/lang/NoSuchMethodError'{0x0000000707aa8b20}: 'int java.lang.invoke.DirectMethodHandle$Holder.invokeStaticInit(java.lang.Object, java.lang.Object, java.lang.Object, java.lang.Object, java.lang.Object)'> (0x0000000707aa8b20) 
thrown [s\src\hotspot\share\interpreter\linkResolver.cpp, line 771]
Event: 61.179 Thread 0x00000199153f2660 Implicit null exception at 0x0000019907d2e86c to 0x0000019907d2e914
Event: 69.618 Thread 0x00000199153f2660 Exception <a 'java/lang/NoSuchMethodError'{0x0000000703a8eeb8}: 'java.lang.Object java.lang.invoke.DirectMethodHandle$Holder.newInvokeSpecial(java.lang.Object, int, java.lang.Object)'> (0x0000000703a8eeb8) 
thrown [s\src\hotspot\share\interpreter\linkResolver.cpp, line 771]
Event: 77.221 Thread 0x00000199153f2660 Exception <a 'java/lang/NoSuchMethodError'{0x0000000707b751e8}: 'java.lang.Object java.lang.invoke.DirectMethodHandle$Holder.newInvokeSpecial(java.lang.Object, java.lang.Object, java.lang.Object, java.lang.Object, int)'> (0x0000000707b751e8) 
thrown [s\src\hotspot\share\interpreter\linkResolver.cpp, line 771]
Event: 77.221 Thread 0x00000199153f2660 Exception <a 'java/lang/NoSuchMethodError'{0x0000000707b7b500}: 'java.lang.Object java.lang.invoke.DirectMethodHandle$Holder.invokeSpecial(java.lang.Object, java.lang.Object, java.lang.Object, java.lang.Object, java.lang.Object, int)'> (0x0000000707b7b500) 
thrown [s\src\hotspot\share\interpreter\linkResolver.cpp, line 771]
Event: 77.221 Thread 0x00000199153f2660 Exception <a 'java/lang/NoSuchMethodError'{0x0000000707b811c8}: 'java.lang.Object java.lang.invoke.Invokers$Holder.linkToTargetMethod(java.lang.Object, java.lang.Object, java.lang.Object, int, java.lang.Object)'> (0x0000000707b811c8) 
thrown [s\src\hotspot\share\interpreter\linkResolver.cpp, line 771]
Event: 79.036 Thread 0x00000199153f2660 Exception <a 'java/lang/IncompatibleClassChangeError'{0x0000000705b644d8}: Found class java.lang.Object, but interface was expected> (0x0000000705b644d8) 
thrown [s\src\hotspot\share\interpreter\linkResolver.cpp, line 838]
Event: 87.567 Thread 0x00000199153f2660 Exception <a 'java/lang/NoSuchMethodError'{0x000000070b784810}: 'java.lang.Object java.lang.invoke.DirectMethodHandle$Holder.invokeSpecial(java.lang.Object, java.lang.Object, int, java.lang.Object, java.lang.Object, java.lang.Object)'> (0x000000070b784810) 
thrown [s\src\hotspot\share\interpreter\linkResolver.cpp, line 771]
Event: 175.840 Thread 0x00000199153f2660 Exception <a 'java/lang/NoSuchMethodError'{0x0000000714049860}: 'int java.lang.invoke.DirectMethodHandle$Holder.invokeSpecialIFC(java.lang.Object, java.lang.Object, java.lang.Object)'> (0x0000000714049860) 
thrown [s\src\hotspot\share\interpreter\linkResolver.cpp, line 771]
Event: 183.760 Thread 0x00000199153f2660 Exception <a 'java/lang/NoSuchMethodError'{0x0000000713f00fc8}: 'int java.lang.invoke.DirectMethodHandle$Holder.invokeStatic(java.lang.Object)'> (0x0000000713f00fc8) 
thrown [s\src\hotspot\share\interpreter\linkResolver.cpp, line 771]
Event: 183.818 Thread 0x00000199153f2660 Exception <a 'java/lang/NoSuchMethodError'{0x0000000713f053b8}: 'int java.lang.invoke.DirectMethodHandle$Holder.invokeStaticInit(java.lang.Object)'> (0x0000000713f053b8) 
thrown [s\src\hotspot\share\interpreter\linkResolver.cpp, line 771]
Event: 186.259 Thread 0x00000199153f2660 Exception <a 'java/lang/NoSuchMethodError'{0x0000000713f8f9f8}: 'java.lang.Object java.lang.invoke.DirectMethodHandle$Holder.newInvokeSpecial(java.lang.Object, java.lang.Object, java.lang.Object, java.lang.Object, java.lang.Object, int)'> (0x0000000713f8f9f8) 
thrown [s\src\hotspot\share\interpreter\linkResolver.cpp, line 771]
Event: 186.304 Thread 0x00000199153f2660 Exception <a 'java/lang/NoSuchMethodError'{0x0000000713f94ba8}: 'java.lang.Object java.lang.invoke.DirectMethodHandle$Holder.invokeSpecial(java.lang.Object, java.lang.Object, java.lang.Object, java.lang.Object, java.lang.Object, java.lang.Object, int)'> (0x0000000713f94ba8) 
thrown [s\src\hotspot\share\interpreter\linkResolver.cpp, line 771]

VM Operations (20 events):
Event: 171.446 Executing VM operation: G1PauseRemark done
Event: 172.453 Executing VM operation: Cleanup
Event: 172.458 Executing VM operation: Cleanup done
Event: 172.520 Executing VM operation: G1PauseCleanup
Event: 172.650 Executing VM operation: G1PauseCleanup done
Event: 173.506 Executing VM operation: G1CollectForAllocation
Event: 174.012 Executing VM operation: G1CollectForAllocation done
Event: 176.028 Executing VM operation: Cleanup
Event: 176.044 Executing VM operation: Cleanup done
Event: 176.515 Executing VM operation: HandshakeAllThreads
Event: 176.516 Executing VM operation: HandshakeAllThreads done
Event: 178.823 Executing VM operation: HandshakeAllThreads
Event: 178.825 Executing VM operation: HandshakeAllThreads done
Event: 180.645 Executing VM operation: HandshakeAllThreads
Event: 180.649 Executing VM operation: HandshakeAllThreads done
Event: 181.652 Executing VM operation: Cleanup
Event: 181.683 Executing VM operation: Cleanup done
Event: 187.745 Executing VM operation: Cleanup
Event: 188.040 Executing VM operation: Cleanup done
Event: 189.657 Executing VM operation: G1CollectForAllocation

Events (20 events):
Event: 153.349 loading class java/io/DeleteOnExitHook$1
Event: 153.353 loading class java/io/DeleteOnExitHook$1 done
Event: 158.908 loading class javax/net/ssl/HostnameVerifier
Event: 158.910 loading class javax/net/ssl/HostnameVerifier done
Event: 159.260 loading class javax/net/ssl/TrustManager
Event: 159.262 loading class javax/net/ssl/TrustManager done
Event: 159.272 loading class javax/net/ssl/X509TrustManager
Event: 159.274 loading class javax/net/ssl/X509TrustManager done
Event: 160.194 loading class javax/net/ssl/SSLException
Event: 160.224 loading class javax/net/ssl/SSLException done
Event: 160.226 loading class javax/net/ssl/SSLPeerUnverifiedException
Event: 160.242 loading class javax/net/ssl/SSLPeerUnverifiedException done
Event: 160.243 loading class java/security/cert/CertificateParsingException
Event: 160.246 loading class java/security/cert/CertificateException
Event: 160.256 loading class java/security/cert/CertificateException done
Event: 160.256 loading class java/security/cert/CertificateParsingException done
Event: 160.264 loading class javax/naming/NamingException
Event: 160.283 loading class javax/naming/NamingException done
Event: 160.283 loading class javax/naming/InvalidNameException
Event: 160.291 loading class javax/naming/InvalidNameException done


Dynamic libraries:
0x00007ff68f860000 - 0x00007ff68f86a000 	C:\Program Files\Android\Android Studio\jbr\bin\java.exe
0x00007ff8fe8d0000 - 0x00007ff8feae7000 	C:\WINDOWS\SYSTEM32\ntdll.dll
0x00007ff8fd7a0000 - 0x00007ff8fd864000 	C:\WINDOWS\System32\KERNEL32.DLL
0x00007ff8fbbf0000 - 0x00007ff8fbf97000 	C:\WINDOWS\System32\KERNELBASE.dll
0x00007ff8fc4e0000 - 0x00007ff8fc5f1000 	C:\WINDOWS\System32\ucrtbase.dll
0x00007ff8dfc60000 - 0x00007ff8dfc77000 	C:\Program Files\Android\Android Studio\jbr\bin\jli.dll
0x00007ff8d66d0000 - 0x00007ff8d66eb000 	C:\Program Files\Android\Android Studio\jbr\bin\VCRUNTIME140.dll
0x00007ff8fe610000 - 0x00007ff8fe7be000 	C:\WINDOWS\System32\USER32.dll
0x00007ff8fc0b0000 - 0x00007ff8fc0d6000 	C:\WINDOWS\System32\win32u.dll
0x00007ff8e5d60000 - 0x00007ff8e5ff3000 	C:\WINDOWS\WinSxS\amd64_microsoft.windows.common-controls_6595b64144ccf1df_6.0.22621.3527_none_270e469b73872a76\COMCTL32.dll
0x00007ff8fc7b0000 - 0x00007ff8fc7d9000 	C:\WINDOWS\System32\GDI32.dll
0x00007ff8fe7e0000 - 0x00007ff8fe887000 	C:\WINDOWS\System32\msvcrt.dll
0x00007ff8fc190000 - 0x00007ff8fc2a9000 	C:\WINDOWS\System32\gdi32full.dll
0x00007ff8fbfa0000 - 0x00007ff8fc03a000 	C:\WINDOWS\System32\msvcp_win.dll
0x00007ff8fc8d0000 - 0x00007ff8fc901000 	C:\WINDOWS\System32\IMM32.DLL
0x00007ff8d7c20000 - 0x00007ff8d7c2c000 	C:\Program Files\Android\Android Studio\jbr\bin\vcruntime140_1.dll
0x00007ff8c0b90000 - 0x00007ff8c0c1d000 	C:\Program Files\Android\Android Studio\jbr\bin\msvcp140.dll
0x00007ff8c7140000 - 0x00007ff8c7dc3000 	C:\Program Files\Android\Android Studio\jbr\bin\server\jvm.dll
0x00007ff8fe4f0000 - 0x00007ff8fe5a2000 	C:\WINDOWS\System32\ADVAPI32.dll
0x00007ff8fdaf0000 - 0x00007ff8fdb98000 	C:\WINDOWS\System32\sechost.dll
0x00007ff8fc0e0000 - 0x00007ff8fc108000 	C:\WINDOWS\System32\bcrypt.dll
0x00007ff8fd9d0000 - 0x00007ff8fdae5000 	C:\WINDOWS\System32\RPCRT4.dll
0x00007ff8ef240000 - 0x00007ff8ef249000 	C:\WINDOWS\SYSTEM32\WSOCK32.dll
0x00007ff8efae0000 - 0x00007ff8efb14000 	C:\WINDOWS\SYSTEM32\WINMM.dll
0x00007ff8faa70000 - 0x00007ff8faabd000 	C:\WINDOWS\SYSTEM32\POWRPROF.dll
0x00007ff8fc600000 - 0x00007ff8fc671000 	C:\WINDOWS\System32\WS2_32.dll
0x00007ff8eebe0000 - 0x00007ff8eebea000 	C:\WINDOWS\SYSTEM32\VERSION.dll
0x00007ff8faa50000 - 0x00007ff8faa63000 	C:\WINDOWS\SYSTEM32\UMPDC.dll
0x00007ff8fac60000 - 0x00007ff8fac78000 	C:\WINDOWS\SYSTEM32\kernel.appcore.dll
0x00007ff8eee70000 - 0x00007ff8eee7a000 	C:\Program Files\Android\Android Studio\jbr\bin\jimage.dll
0x00007ff8f94b0000 - 0x00007ff8f96e2000 	C:\WINDOWS\SYSTEM32\DBGHELP.DLL
0x00007ff8fcf10000 - 0x00007ff8fd298000 	C:\WINDOWS\System32\combase.dll
0x00007ff8fd510000 - 0x00007ff8fd5e7000 	C:\WINDOWS\System32\OLEAUT32.dll
0x00007ff8e3b70000 - 0x00007ff8e3ba2000 	C:\WINDOWS\SYSTEM32\dbgcore.DLL
0x00007ff8fc110000 - 0x00007ff8fc189000 	C:\WINDOWS\System32\bcryptPrimitives.dll
0x00007ff8e0a60000 - 0x00007ff8e0a85000 	C:\Program Files\Android\Android Studio\jbr\bin\java.dll
0x00007ff8e1ec0000 - 0x00007ff8e1ed8000 	C:\Program Files\Android\Android Studio\jbr\bin\zip.dll
0x00007ff8fdc90000 - 0x00007ff8fe4ec000 	C:\WINDOWS\System32\SHELL32.dll
0x00007ff8f9b40000 - 0x00007ff8fa436000 	C:\WINDOWS\SYSTEM32\windows.storage.dll
0x00007ff8f9a00000 - 0x00007ff8f9b3e000 	C:\WINDOWS\SYSTEM32\wintypes.dll
0x00007ff8fc680000 - 0x00007ff8fc775000 	C:\WINDOWS\System32\SHCORE.dll
0x00007ff8fc870000 - 0x00007ff8fc8ce000 	C:\WINDOWS\System32\shlwapi.dll
0x00007ff8fbb20000 - 0x00007ff8fbb41000 	C:\WINDOWS\SYSTEM32\profapi.dll
0x00007ff8e0a40000 - 0x00007ff8e0a59000 	C:\Program Files\Android\Android Studio\jbr\bin\net.dll
0x00007ff8f5c60000 - 0x00007ff8f5d96000 	C:\WINDOWS\SYSTEM32\WINHTTP.dll
0x00007ff8fb170000 - 0x00007ff8fb1d9000 	C:\WINDOWS\system32\mswsock.dll
0x00007ff8e0a20000 - 0x00007ff8e0a36000 	C:\Program Files\Android\Android Studio\jbr\bin\nio.dll
0x00007ff8ea9d0000 - 0x00007ff8ea9e0000 	C:\Program Files\Android\Android Studio\jbr\bin\verify.dll
0x00007ff8cb340000 - 0x00007ff8cb367000 	C:\Users\ACER\.gradle\native\c067742578af261105cb4f569cf0c3c89f3d7b1fecec35dd04571415982c5e48\windows-amd64\native-platform.dll
0x00007ff8bcf00000 - 0x00007ff8bd044000 	C:\Users\ACER\.gradle\native\38dada09dfb8b06ba9b0570ebf7e218e3eb74d4ef43ca46872605cf95ebc2f47\windows-amd64\native-platform-file-events.dll
0x00007ff8eedd0000 - 0x00007ff8eedd9000 	C:\Program Files\Android\Android Studio\jbr\bin\management.dll
0x00007ff8ee9e0000 - 0x00007ff8ee9eb000 	C:\Program Files\Android\Android Studio\jbr\bin\management_ext.dll
0x00007ff8fc780000 - 0x00007ff8fc788000 	C:\WINDOWS\System32\PSAPI.DLL
0x00007ff8fb3e0000 - 0x00007ff8fb3fb000 	C:\WINDOWS\SYSTEM32\CRYPTSP.dll
0x00007ff8fac80000 - 0x00007ff8facb5000 	C:\WINDOWS\system32\rsaenh.dll
0x00007ff8fb270000 - 0x00007ff8fb298000 	C:\WINDOWS\SYSTEM32\USERENV.dll
0x00007ff8fb3d0000 - 0x00007ff8fb3dc000 	C:\WINDOWS\SYSTEM32\CRYPTBASE.dll
0x00007ff8fa750000 - 0x00007ff8fa77d000 	C:\WINDOWS\SYSTEM32\IPHLPAPI.DLL
0x00007ff8fcef0000 - 0x00007ff8fcef9000 	C:\WINDOWS\System32\NSI.dll
0x00007ff8f5a10000 - 0x00007ff8f5a29000 	C:\WINDOWS\SYSTEM32\dhcpcsvc6.DLL
0x00007ff8f59f0000 - 0x00007ff8f5a0f000 	C:\WINDOWS\SYSTEM32\dhcpcsvc.DLL
0x00007ff8fa7d0000 - 0x00007ff8fa8c8000 	C:\WINDOWS\SYSTEM32\DNSAPI.dll
0x00007ff8d48c0000 - 0x00007ff8d48c8000 	C:\WINDOWS\system32\wshunix.dll

dbghelp: loaded successfully - version: 4.0.5 - missing functions: none
symbol engine: initialized successfully - sym options: 0x614 - pdb path: .;C:\Program Files\Android\Android Studio\jbr\bin;C:\WINDOWS\SYSTEM32;C:\WINDOWS\WinSxS\amd64_microsoft.windows.common-controls_6595b64144ccf1df_6.0.22621.3527_none_270e469b73872a76;C:\Program Files\Android\Android Studio\jbr\bin\server;C:\Users\ACER\.gradle\native\c067742578af261105cb4f569cf0c3c89f3d7b1fecec35dd04571415982c5e48\windows-amd64;C:\Users\ACER\.gradle\native\38dada09dfb8b06ba9b0570ebf7e218e3eb74d4ef43ca46872605cf95ebc2f47\windows-amd64

VM Arguments:
jvm_args: --add-opens=java.base/java.util=ALL-UNNAMED --add-opens=java.base/java.lang=ALL-UNNAMED --add-opens=java.base/java.lang.invoke=ALL-UNNAMED --add-opens=java.prefs/java.util.prefs=ALL-UNNAMED --add-opens=java.base/java.nio.charset=ALL-UNNAMED --add-opens=java.base/java.net=ALL-UNNAMED --add-opens=java.base/java.util.concurrent.atomic=ALL-UNNAMED -Xmx4G -Dfile.encoding=windows-1252 -Duser.country=ID -Duser.language=en -Duser.variant 
java_command: org.gradle.launcher.daemon.bootstrap.GradleDaemon 7.6.3
java_class_path (initial): C:\Users\ACER\.gradle\wrapper\dists\gradle-7.6.3-all\aocdy2d2z8kodnny3rsumj8i8\gradle-7.6.3\lib\gradle-launcher-7.6.3.jar
Launcher Type: SUN_STANDARD

[Global flags]
     intx CICompilerCount                          = 12                                        {product} {ergonomic}
     uint ConcGCThreads                            = 4                                         {product} {ergonomic}
     uint G1ConcRefinementThreads                  = 15                                        {product} {ergonomic}
   size_t G1HeapRegionSize                         = 2097152                                   {product} {ergonomic}
    uintx GCDrainStackTargetSize                   = 64                                        {product} {ergonomic}
   size_t InitialHeapSize                          = 130023424                                 {product} {ergonomic}
   size_t MarkStackSize                            = 4194304                                   {product} {ergonomic}
   size_t MaxHeapSize                              = 4294967296                                {product} {command line}
   size_t MaxNewSize                               = 2575302656                                {product} {ergonomic}
   size_t MinHeapDeltaBytes                        = 2097152                                   {product} {ergonomic}
   size_t MinHeapSize                              = 8388608                                   {product} {ergonomic}
    uintx NonNMethodCodeHeapSize                   = 7602480                                {pd product} {ergonomic}
    uintx NonProfiledCodeHeapSize                  = 122027880                              {pd product} {ergonomic}
    uintx ProfiledCodeHeapSize                     = 122027880                              {pd product} {ergonomic}
    uintx ReservedCodeCacheSize                    = 251658240                              {pd product} {ergonomic}
     bool SegmentedCodeCache                       = true                                      {product} {ergonomic}
   size_t SoftMaxHeapSize                          = 4294967296                             {manageable} {ergonomic}
     bool UseCompressedClassPointers               = true                           {product lp64_product} {ergonomic}
     bool UseCompressedOops                        = true                           {product lp64_product} {ergonomic}
     bool UseG1GC                                  = true                                      {product} {ergonomic}
     bool UseLargePagesIndividualAllocation        = false                                  {pd product} {ergonomic}

Logging:
Log output configuration:
 #0: stdout all=warning uptime,level,tags
 #1: stderr all=off uptime,level,tags

Environment Variables:
JAVA_HOME=C:\Program Files\Android\Android Studio\jbr
CLASSPATH=D:\Lana\tes\yayasan\android\\gradle\wrapper\gradle-wrapper.jar
PATH=C:\Program Files\Android\Android Studio\jbr\bin;C:\Program Files (x86)\Common Files\Oracle\Java\javapath;C:\WINDOWS\system32;C:\WINDOWS;C:\WINDOWS\System32\Wbem;C:\WINDOWS\System32\WindowsPowerShell\v1.0\;C:\WINDOWS\System32\OpenSSH\;C:\Program Files\Git\cmd;C:\Users\ACER\AppData\Local\Microsoft\WindowsApps;C:\Users\ACER\AppData\Local\Programs\Microsoft VS Code\bin;D:\flutter\bin;D:\dart-sdk\bin;;D:\flutter\bin\mingit\cmd;D:\flutter\bin\mingit\cmd
USERNAME=ACER
OS=Windows_NT
PROCESSOR_IDENTIFIER=Intel64 Family 6 Model 151 Stepping 2, GenuineIntel
TMP=C:\Users\ACER\AppData\Local\Temp
TEMP=C:\Users\ACER\AppData\Local\Temp



Periodic native trim disabled

JNI global refs:
JNI global refs: 31, weak refs: 0

JNI global refs memory usage: 843, weak refs: 209

OOME stack traces (most recent first):
Classloader memory used:
Loader org.gradle.internal.classloader.VisitableURLClassLoader                         : 3904K
Loader bootstrap                                                                       : 2573K
Loader org.gradle.initialization.MixInLegacyTypesClassLoader                           : 1018K
Loader jdk.internal.loader.ClassLoaders$PlatformClassLoader                            : 65740B
Loader jdk.internal.loader.ClassLoaders$AppClassLoader                                 : 26057B
Loader jdk.internal.reflect.DelegatingClassLoader                                      : 11474B
Loader org.gradle.internal.classloader.VisitableURLClassLoader                         : 5221B
Loader org.gradle.groovy.scripts.internal.DefaultScriptCompilationHandler$ScriptClassLoader: 5050B
Loader org.codehaus.groovy.runtime.callsite.CallSiteClassLoader                        : 1883B
Loader sun.reflect.misc.MethodUtil                                                     : 373B

Classes loaded by more than one classloader:
Class Program                                                                         : loaded 3 times (x 70B)
Class org.gradle.internal.classpath.ClassPath                                         : loaded 2 times (x 68B)
Class org.gradle.api.internal.classpath.DefaultModuleRegistry                         : loaded 2 times (x 84B)
Class org.gradle.api.Action                                                           : loaded 2 times (x 68B)
Class org.gradle.api.internal.DefaultClassPathProvider                                : loaded 2 times (x 74B)
Class org.gradle.internal.installation.GradleInstallation$1                           : loaded 2 times (x 73B)
Class org.gradle.internal.classloader.FilteringClassLoader                            : loaded 2 times (x 103B)
Class org.gradle.internal.classpath.DefaultClassPath$ImmutableUniqueList$Builder      : loaded 2 times (x 73B)
Class org.gradle.internal.classloader.ClassLoaderVisitor                              : loaded 2 times (x 74B)
Class org.gradle.internal.service.DefaultServiceLocator                               : loaded 2 times (x 81B)
Class org.gradle.internal.service.UnknownServiceException                             : loaded 2 times (x 81B)
Class org.gradle.internal.classloader.DefaultClassLoaderFactory                       : loaded 2 times (x 80B)
Class org.gradle.internal.classloader.VisitableURLClassLoader$Spec                    : loaded 2 times (x 72B)
Class org.gradle.api.GradleException                                                  : loaded 2 times (x 80B)
Class org.gradle.api.internal.classpath.ModuleRegistry                                : loaded 2 times (x 68B)
Class org.gradle.api.internal.ClassPathProvider                                       : loaded 2 times (x 68B)
Class org.gradle.internal.classloader.ClasspathUtil$1                                 : loaded 2 times (x 74B)
Class org.gradle.internal.classloader.ClassLoaderFactory                              : loaded 2 times (x 68B)
Class org.gradle.api.internal.classpath.ManifestUtil                                  : loaded 2 times (x 69B)
Class org.gradle.api.specs.Spec                                                       : loaded 2 times (x 68B)
Class org.gradle.internal.IoActions                                                   : loaded 2 times (x 69B)
Class org.gradle.api.internal.classpath.EffectiveClassPath                            : loaded 2 times (x 88B)
Class org.gradle.internal.installation.CurrentGradleInstallation                      : loaded 2 times (x 71B)
Class org.gradle.internal.installation.CurrentGradleInstallationLocator               : loaded 2 times (x 69B)
Class org.gradle.api.internal.classpath.Module                                        : loaded 2 times (x 68B)
Class org.gradle.internal.service.CachingServiceLocator                               : loaded 2 times (x 80B)
Class org.gradle.internal.classpath.DefaultClassPath                                  : loaded 2 times (x 88B)
Class org.gradle.api.Transformer                                                      : loaded 2 times (x 68B)
Class org.gradle.internal.classloader.SystemClassLoaderSpec                           : loaded 2 times (x 69B)
Class org.gradle.api.UncheckedIOException                                             : loaded 2 times (x 80B)
Class org.gradle.internal.installation.GradleInstallation                             : loaded 2 times (x 73B)
Class org.gradle.internal.classloader.ClasspathUtil                                   : loaded 2 times (x 69B)
Class org.gradle.api.internal.DefaultClassPathRegistry                                : loaded 2 times (x 74B)
Class org.gradle.api.internal.classpath.DefaultModuleRegistry$DefaultModule           : loaded 2 times (x 84B)
Class org.gradle.api.internal.classpath.UnknownModuleException                        : loaded 2 times (x 80B)
Class org.gradle.internal.service.ServiceLookupException                              : loaded 2 times (x 80B)
Class org.gradle.cache.GlobalCache                                                    : loaded 2 times (x 68B)
Class [Lorg.gradle.api.internal.ClassPathProvider;                                    : loaded 2 times (x 67B)
Class org.gradle.util.internal.GUtil                                                  : loaded 2 times (x 69B)
Class org.gradle.internal.classloader.ClassLoaderSpec                                 : loaded 2 times (x 69B)
Class org.gradle.internal.classloader.VisitableURLClassLoader                         : loaded 2 times (x 115B)
Class org.gradle.internal.Cast                                                        : loaded 2 times (x 69B)
Class Build_gradle                                                                    : loaded 2 times (x 128B)
Class org.gradle.api.internal.ClassPathRegistry                                       : loaded 2 times (x 68B)
Class org.gradle.internal.classloader.ClassLoaderHierarchy                            : loaded 2 times (x 68B)
Class org.gradle.internal.service.ServiceLocator                                      : loaded 2 times (x 68B)
Class org.gradle.internal.classpath.DefaultClassPath$ImmutableUniqueList              : loaded 2 times (x 159B)


---------------  S Y S T E M  ---------------

OS:
 Windows 11 , 64 bit Build 22621 (10.0.22621.3527)
OS uptime: 1 days 8:47 hours

CPU: total 20 (initial active 20) (20 cores per cpu, 1 threads per core) family 6 model 151 stepping 2 microcode 0x25, cx8, cmov, fxsr, mmx, 3dnowpref, sse, sse2, sse3, ssse3, sse4.1, sse4.2, popcnt, lzcnt, tsc, tscinvbit, avx, avx2, erms, clmul, bmi1, bmi2, adx, sha, fma, vzeroupper, clflush, clflushopt, clwb
Processor Information for all 20 processors :
  Max Mhz: 2100, Current Mhz: 2100, Mhz Limit: 2100

Memory: 4k page, system-wide physical 7900M (13M free)
TotalPageFile size 31176M (AvailPageFile size 25M)
current process WorkingSet (physical memory assigned to process): 20M, peak: 108M
current process commit charge ("private bytes"): 342M, peak: 534M

vm_info: OpenJDK 64-Bit Server VM (17.0.9+0--11185874) for windows-amd64 JRE (17.0.9+0--11185874), built on Dec  6 2023 18:57:44 by "androidbuild" with MS VC++ 16.10 / 16.11 (VS2019)

END.
